<?xml version="1.0" encoding="UTF-8"?>
<testng-results ignored="0" total="3" passed="2" failed="1" skipped="0">
  <reporter-output>
  </reporter-output>
  <suite started-at="2024-04-14T08:23:41 IST" name="Default suite" finished-at="2024-04-14T08:23:52 IST" duration-ms="10850">
    <groups>
    </groups>
    <test started-at="2024-04-14T08:23:41 IST" name="Default test" finished-at="2024-04-14T08:23:52 IST" duration-ms="10850">
      <class name="garimaSinghal.Assignment_10">
        <test-method is-config="true" signature="launchAndHitUrl()[pri:0, instance:garimaSinghal.Assignment_10@4d0f2471]" started-at="2024-04-14T08:23:41 IST" name="launchAndHitUrl" finished-at="2024-04-14T08:23:51 IST" duration-ms="9087" status="PASS">
          <reporter-output>
          </reporter-output>
        </test-method> <!-- launchAndHitUrl -->
        <test-method signature="loginData(java.lang.String,java.lang.String,java.lang.String)[pri:0, instance:garimaSinghal.Assignment_10@4d0f2471]" started-at="2024-04-14T08:23:51 IST" name="loginData" data-provider="loginDataProvider" finished-at="2024-04-14T08:23:52 IST" duration-ms="997" status="PASS">
          <params>
            <param index="0">
              <value>
                <![CDATA[mkanani]]>
              </value>
            </param>
            <param index="1">
              <value>
                <![CDATA[mkan123]]>
              </value>
            </param>
            <param index="2">
              <value>
                <![CDATA[Failed! please enter strong password]]>
              </value>
            </param>
          </params>
          <reporter-output>
          </reporter-output>
        </test-method> <!-- loginData -->
        <test-method signature="loginData(java.lang.String,java.lang.String,java.lang.String)[pri:0, instance:garimaSinghal.Assignment_10@4d0f2471]" started-at="2024-04-14T08:23:52 IST" name="loginData" data-provider="loginDataProvider" finished-at="2024-04-14T08:23:52 IST" duration-ms="379" status="PASS">
          <params>
            <param index="0">
              <value>
                <![CDATA[techno]]>
              </value>
            </param>
            <param index="1">
              <value>
                <![CDATA[creditsTech123]]>
              </value>
            </param>
            <param index="2">
              <value>
                <![CDATA[Success!]]>
              </value>
            </param>
          </params>
          <reporter-output>
          </reporter-output>
        </test-method> <!-- loginData -->
        <test-method signature="loginData(java.lang.String,java.lang.String,java.lang.String)[pri:0, instance:garimaSinghal.Assignment_10@4d0f2471]" started-at="2024-04-14T08:23:52 IST" name="loginData" data-provider="loginDataProvider" finished-at="2024-04-14T08:23:52 IST" duration-ms="332" status="FAIL">
          <params>
            <param index="0">
              <value>
                <![CDATA[credits]]>
              </value>
            </param>
            <param index="1">
              <value>
                <![CDATA[c123]]>
              </value>
            </param>
            <param index="2">
              <value>
                <![CDATA[Success!]]>
              </value>
            </param>
          </params>
          <exception class="java.lang.AssertionError">
            <message>
              <![CDATA[expected [Success!] but found [Failed! please enter strong password]]]>
            </message>
            <full-stacktrace>
              <![CDATA[java.lang.AssertionError: expected [Success!] but found [Failed! please enter strong password]
at org.testng.Assert.fail(Assert.java:99)
at org.testng.Assert.failNotEquals(Assert.java:1037)
at org.testng.Assert.assertEqualsImpl(Assert.java:140)
at org.testng.Assert.assertEquals(Assert.java:122)
at org.testng.Assert.assertEquals(Assert.java:629)
at org.testng.Assert.assertEquals(Assert.java:639)
at garimaSinghal.Assignment_10.loginData(Assignment_10.java:51)
at java.base/jdk.internal.reflect.NativeMethodAccessorImpl.invoke0(Native Method)
at java.base/jdk.internal.reflect.NativeMethodAccessorImpl.invoke(NativeMethodAccessorImpl.java:77)
at java.base/jdk.internal.reflect.DelegatingMethodAccessorImpl.invoke(DelegatingMethodAccessorImpl.java:43)
at java.base/java.lang.reflect.Method.invoke(Method.java:568)
at org.testng.internal.MethodInvocationHelper.invokeMethod(MethodInvocationHelper.java:133)
at org.testng.internal.TestInvoker.invokeMethod(TestInvoker.java:598)
at org.testng.internal.TestInvoker.invokeTestMethod(TestInvoker.java:173)
at org.testng.internal.MethodRunner.runInSequence(MethodRunner.java:46)
at org.testng.internal.TestInvoker$MethodInvocationAgent.invoke(TestInvoker.java:824)
at org.testng.internal.TestInvoker.invokeTestMethods(TestInvoker.java:146)
at org.testng.internal.TestMethodWorker.invokeTestMethods(TestMethodWorker.java:146)
at org.testng.internal.TestMethodWorker.run(TestMethodWorker.java:128)
at java.base/java.util.ArrayList.forEach(ArrayList.java:1511)
at org.testng.TestRunner.privateRun(TestRunner.java:794)
at org.testng.TestRunner.run(TestRunner.java:596)
at org.testng.SuiteRunner.runTest(SuiteRunner.java:377)
at org.testng.SuiteRunner.runSequentially(SuiteRunner.java:371)
at org.testng.SuiteRunner.privateRun(SuiteRunner.java:332)
at org.testng.SuiteRunner.run(SuiteRunner.java:276)
at org.testng.SuiteRunnerWorker.runSuite(SuiteRunnerWorker.java:53)
at org.testng.SuiteRunnerWorker.run(SuiteRunnerWorker.java:96)
at org.testng.TestNG.runSuitesSequentially(TestNG.java:1212)
at org.testng.TestNG.runSuitesLocally(TestNG.java:1134)
at org.testng.TestNG.runSuites(TestNG.java:1063)
at org.testng.TestNG.run(TestNG.java:1031)
at org.testng.remote.AbstractRemoteTestNG.run(AbstractRemoteTestNG.java:115)
at org.testng.remote.RemoteTestNG.initAndRun(RemoteTestNG.java:251)
at org.testng.remote.RemoteTestNG.main(RemoteTestNG.java:77)
]]>
            </full-stacktrace>
          </exception> <!-- java.lang.AssertionError -->
          <reporter-output>
          </reporter-output>
        </test-method> <!-- loginData -->
      </class> <!-- garimaSinghal.Assignment_10 -->
    </test> <!-- Default test -->
  </suite> <!-- Default suite -->
</testng-results>
